android/app/build/intermediates/manifest_merge_blame_file/release/manifest-merger-blame-release-report.txt
1<?xml version="1.0" encoding="utf-8"?>
2<manifest xmlns:android="http://schemas.android.com/apk/res/android"
3    package="com.app"
4    android:versionCode="1"
5    android:versionName="1.0" >
6
7    <uses-sdk
8        android:minSdkVersion="21"
8-->src\main\AndroidManifest.xml
9        android:targetSdkVersion="31" />
9-->src\main\AndroidManifest.xml
10
11    <uses-permission android:name="android.permission.INTERNET" />
11-->src\main\AndroidManifest.xml:4:5-67
11-->src\main\AndroidManifest.xml:4:22-64
12    <uses-permission android:name="android.permission.CAMERA" />
12-->src\main\AndroidManifest.xml:5:5-65
12-->src\main\AndroidManifest.xml:5:22-62
13    <uses-permission android:name="android.permission.READ_MEDIA_AUDIO" />
13-->src\main\AndroidManifest.xml:6:6-76
13-->src\main\AndroidManifest.xml:6:23-73
14    <uses-permission android:name="android.permission.WRITE_EXTERNAL_STORAGE" />
14-->src\main\AndroidManifest.xml:7:6-81
14-->src\main\AndroidManifest.xml:7:23-79
15
16    <queries>
16-->[:react-native-image-crop-picker] AndroidManifest.xml:9:5-13:15
17        <intent>
17-->[:react-native-image-crop-picker] AndroidManifest.xml:10:9-12:18
18            <action android:name="android.media.action.IMAGE_CAPTURE" />
18-->[:react-native-image-crop-picker] AndroidManifest.xml:11:13-73
18-->[:react-native-image-crop-picker] AndroidManifest.xml:11:21-70
19        </intent>
20    </queries>
21
22    <application
22-->src\main\AndroidManifest.xml:9:5-28:19
23        android:name="com.app.MainApplication"
23-->src\main\AndroidManifest.xml:10:7-38
24        android:allowBackup="false"
24-->src\main\AndroidManifest.xml:14:7-34
25        android:appComponentFactory="androidx.core.app.CoreComponentFactory"
25-->[androidx.core:core:1.7.0] AndroidManifest.xml:24:18-86
26        android:icon="@mipmap/ic_launcher"
26-->src\main\AndroidManifest.xml:12:7-41
27        android:label="@string/app_name"
27-->src\main\AndroidManifest.xml:11:7-39
28        android:roundIcon="@mipmap/ic_launcher_round"
28-->src\main\AndroidManifest.xml:13:7-52
29        android:theme="@style/AppTheme" >
29-->src\main\AndroidManifest.xml:15:7-38
30        <activity
30-->src\main\AndroidManifest.xml:16:7-27:18
31            android:name="com.app.MainActivity"
31-->src\main\AndroidManifest.xml:17:9-37
32            android:configChanges="keyboard|keyboardHidden|orientation|screenLayout|screenSize|smallestScreenSize|uiMode"
32-->src\main\AndroidManifest.xml:19:9-118
33            android:exported="true"
33-->src\main\AndroidManifest.xml:22:9-32
34            android:label="@string/app_name"
34-->src\main\AndroidManifest.xml:18:9-41
35            android:launchMode="singleTask"
35-->src\main\AndroidManifest.xml:20:9-40
36            android:windowSoftInputMode="adjustResize" >
36-->src\main\AndroidManifest.xml:21:9-51
37            <intent-filter>
37-->src\main\AndroidManifest.xml:23:9-26:25
38                <action android:name="android.intent.action.MAIN" />
38-->src\main\AndroidManifest.xml:24:13-65
38-->src\main\AndroidManifest.xml:24:21-62
39
40                <category android:name="android.intent.category.LAUNCHER" />
40-->src\main\AndroidManifest.xml:25:13-73
40-->src\main\AndroidManifest.xml:25:23-70
41            </intent-filter>
42        </activity>
43
44        <provider
44-->[:react-native-image-crop-picker] AndroidManifest.xml:18:9-26:20
45            android:name="com.reactnative.ivpusic.imagepicker.IvpusicImagePickerFileProvider"
45-->[:react-native-image-crop-picker] AndroidManifest.xml:19:13-94
46            android:authorities="com.app.provider"
46-->[:react-native-image-crop-picker] AndroidManifest.xml:20:13-60
47            android:exported="false"
47-->[:react-native-image-crop-picker] AndroidManifest.xml:21:13-37
48            android:grantUriPermissions="true" >
48-->[:react-native-image-crop-picker] AndroidManifest.xml:22:13-47
49            <meta-data
49-->[:react-native-image-crop-picker] AndroidManifest.xml:23:13-25:78
50                android:name="android.support.FILE_PROVIDER_PATHS"
50-->[:react-native-image-crop-picker] AndroidManifest.xml:24:17-67
51                android:resource="@xml/ivpusic_imagepicker_provider_paths" />
51-->[:react-native-image-crop-picker] AndroidManifest.xml:25:17-75
52        </provider>
53
54        <activity
54-->[:react-native-image-crop-picker] AndroidManifest.xml:28:9-30:72
55            android:name="com.yalantis.ucrop.UCropActivity"
55-->[:react-native-image-crop-picker] AndroidManifest.xml:29:13-60
56            android:theme="@style/Theme.AppCompat.Light.NoActionBar" />
56-->[:react-native-image-crop-picker] AndroidManifest.xml:30:13-69
57
58        <provider
58-->[:react-native-image-picker] AndroidManifest.xml:10:9-18:20
59            android:name="com.imagepicker.ImagePickerProvider"
59-->[:react-native-image-picker] AndroidManifest.xml:11:13-63
60            android:authorities="com.app.imagepickerprovider"
60-->[:react-native-image-picker] AndroidManifest.xml:12:13-71
61            android:exported="false"
61-->[:react-native-image-picker] AndroidManifest.xml:13:13-37
62            android:grantUriPermissions="true" >
62-->[:react-native-image-picker] AndroidManifest.xml:14:13-47
63            <meta-data
63-->[:react-native-image-crop-picker] AndroidManifest.xml:23:13-25:78
64                android:name="android.support.FILE_PROVIDER_PATHS"
64-->[:react-native-image-crop-picker] AndroidManifest.xml:24:17-67
65                android:resource="@xml/imagepicker_provider_paths" />
65-->[:react-native-image-crop-picker] AndroidManifest.xml:25:17-75
66        </provider>
67        <provider
67-->[androidx.emoji2:emoji2:1.0.0] AndroidManifest.xml:26:9-34:20
68            android:name="androidx.startup.InitializationProvider"
68-->[androidx.emoji2:emoji2:1.0.0] AndroidManifest.xml:27:13-67
69            android:authorities="com.app.androidx-startup"
69-->[androidx.emoji2:emoji2:1.0.0] AndroidManifest.xml:28:13-68
70            android:exported="false" >
70-->[androidx.emoji2:emoji2:1.0.0] AndroidManifest.xml:29:13-37
71            <meta-data
71-->[androidx.emoji2:emoji2:1.0.0] AndroidManifest.xml:31:13-33:52
72                android:name="androidx.emoji2.text.EmojiCompatInitializer"
72-->[androidx.emoji2:emoji2:1.0.0] AndroidManifest.xml:32:17-75
73                android:value="androidx.startup" />
73-->[androidx.emoji2:emoji2:1.0.0] AndroidManifest.xml:33:17-49
74            <meta-data
74-->[androidx.lifecycle:lifecycle-process:2.4.0] AndroidManifest.xml:31:13-33:52
75                android:name="androidx.lifecycle.ProcessLifecycleInitializer"
75-->[androidx.lifecycle:lifecycle-process:2.4.0] AndroidManifest.xml:32:17-78
76                android:value="androidx.startup" />
76-->[androidx.lifecycle:lifecycle-process:2.4.0] AndroidManifest.xml:33:17-49
77        </provider>
78    </application>
79
80</manifest>